Arguments: 
  C:\Program Files\nodejs\node.exe C:\Users\bjavd\AppData\Roaming\npm\node_modules\yarn\bin\yarn.js build:rs

PATH: 
  C:\Python38\Scripts\;C:\Python38\;C:\Program Files (x86)\Common Files\Oracle\Java\javapath;C:\Program Files (x86)\Intel\iCLS Client\;C:\Program Files\Intel\iCLS Client\;C:\windows\system32;C:\windows;C:\windows\System32\Wbem;C:\windows\System32\WindowsPowerShell\v1.0\;C:\Program Files (x86)\Intel\Intel(R) Management Engine Components\DAL;C:\Program Files\Intel\Intel(R) Management Engine Components\DAL;C:\Program Files (x86)\Intel\Intel(R) Management Engine Components\IPT;C:\Program Files\Intel\Intel(R) Management Engine Components\IPT;C:\Program Files (x86)\NVIDIA Corporation\PhysX\Common;C:\Program Files\PuTTY\;C:\WINDOWS\system32;C:\WINDOWS;C:\WINDOWS\System32\Wbem;C:\WINDOWS\System32\WindowsPowerShell\v1.0\;C:\WINDOWS\System32\OpenSSH\;C:\xampp\php;C:\Program Files\MySQL\MySQL Utilities 1.6\;C:\Program Files\Intel\WiFi\bin\;C:\Program Files\Common Files\Intel\WirelessCommon\;C:\Program Files\dotnet\;C:\Program Files\Microsoft SQL Server\130\Tools\Binn\;C:\Program Files\Microsoft SQL Server\Client SDK\ODBC\170\Tools\Binn\;C:\Program Files\Git\cmd;C:\ProgramData\chocolatey\bin;C:\Users\bjavd\AppData\Roaming\nvm;C:\Program Files\nodejs;C:\Program Files\Memurai\;C:\Program Files\Microsoft SQL Server\150\Tools\Binn\;C:\Program Files\nodejs\;C:\Users\bjavd\.cargo\bin;C:\Users\bjavd\AppData\Local\Microsoft\WindowsApps;C:\Users\bjavd\AppData\Local\Programs\Microsoft VS Code\bin;C:\Users\bjavd\AppData\Local\GitHubDesktop\bin;C:\Users\bjavd\.dotnet\tools;C:\Program Files\ChromeDriverSeleniumZooi;C:\Users\bjavd\AppData\Roaming\nvm;C:\Program Files\nodejs;C:\Users\bjavd\.dotnet\tools;C:\Users\bjavd\AppData\Local\Microsoft\WindowsApps;C:\Users\bjavd\AppData\Roaming\npm

Yarn version: 
  1.22.19

Node version: 
  16.16.0

Platform: 
  win32 x64

Trace: 
  SyntaxError: C:\Users\bjavd\source\repos\BerryHunt\berryclub\contract-rs\pixel-board\package.json: Unexpected end of JSON input
      at JSON.parse (<anonymous>)
      at C:\Users\bjavd\AppData\Roaming\npm\node_modules\yarn\lib\cli.js:1629:59
      at Generator.next (<anonymous>)
      at step (C:\Users\bjavd\AppData\Roaming\npm\node_modules\yarn\lib\cli.js:310:30)
      at C:\Users\bjavd\AppData\Roaming\npm\node_modules\yarn\lib\cli.js:321:13

npm manifest: 
  

yarn manifest: 
  No manifest

Lockfile: 
  # THIS IS AN AUTOGENERATED FILE. DO NOT EDIT THIS FILE DIRECTLY.
  # yarn lockfile v1
